<?xml version="1.0" encoding="UTF-8"?>
<!-- Generated by org.testng.reporters.JUnitReportReporter -->
<testsuite skipped="0" hostname="NV59C" name="package1.Lecture7" tests="3" failures="0" timestamp="2021-02-17T12:44:59 IST" time="7.182" errors="0">
  <testcase name="Putmethod" time="4.795" classname="package1.Lecture7"/>
  <system-out/>
  <testcase name="PatchTest" time="1.261" classname="package1.Lecture7"/>
  <system-out/>
  <testcase name="delete" time="1.126" classname="package1.Lecture7"/>
  <system-out/>
</testsuite> <!-- package1.Lecture7 -->
