<?xml version="1.0" encoding="UTF-8"?>
<!-- Generated by org.testng.reporters.JUnitReportReporter -->
<testsuite skipped="0" hostname="NV59C" name="package1.test2_5" tests="2" failures="0" timestamp="2021-01-24T17:19:28 IST" time="7.470" errors="0">
  <testcase name="test1" time="4.532" classname="package1.test2_5"/>
  <system-out/>
  <testcase name="test22" time="2.938" classname="package1.test2_5"/>
  <system-out/>
</testsuite> <!-- package1.test2_5 -->
