<?xml version="1.0" encoding="UTF-8"?>
<!-- Generated by org.testng.reporters.JUnitReportReporter -->
<testsuite skipped="0" hostname="NV59C" name="package1.Lecture6" tests="2" failures="0" timestamp="2021-02-17T11:37:58 IST" time="7.171" errors="0">
  <testcase name="postrequest" time="4.545" classname="package1.Lecture6"/>
  <system-out/>
  <testcase name="testGet" time="2.626" classname="package1.Lecture6"/>
  <system-out/>
</testsuite> <!-- package1.Lecture6 -->
