<?xml version="1.0" encoding="UTF-8"?>
<!-- Generated by org.testng.reporters.JUnitReportReporter -->
<testsuite skipped="0" hostname="NV59C" name="package1.lecture5" tests="2" failures="0" timestamp="2021-02-12T08:54:36 IST" time="6.576" errors="0">
  <testcase name="test1" time="4.078" classname="package1.lecture5"/>
  <system-out/>
  <testcase name="test2" time="2.498" classname="package1.lecture5"/>
  <system-out/>
</testsuite> <!-- package1.lecture5 -->
