<?xml version="1.0" encoding="UTF-8"?>
<!-- Generated by org.testng.reporters.JUnitReportReporter -->
<testsuite skipped="0" hostname="NV59C" name="package1.simple_test" tests="1" failures="0" timestamp="2021-01-24T16:20:34 IST" time="4.767" errors="0">
  <testcase name="test1" time="4.767" classname="package1.simple_test"/>
  <system-out/>
</testsuite> <!-- package1.simple_test -->
